<?xml version="1.0" encoding="UTF-8"?>
<testng-results ignored="0" total="1" passed="1" failed="0" skipped="0">
  <reporter-output>
  </reporter-output>
  <suite started-at="2026-01-26T22:34:25 IST" name="Default suite" finished-at="2026-01-26T22:34:44 IST" duration-ms="18504">
    <groups>
    </groups>
    <test started-at="2026-01-26T22:34:25 IST" name="Default test" finished-at="2026-01-26T22:34:44 IST" duration-ms="18504">
      <class name="testCases.TC001_AccountRegistrationTest">
        <test-method is-config="true" signature="setup()[pri:0, instance:testCases.TC001_AccountRegistrationTest@3646a422]" started-at="2026-01-26T22:34:25 IST" name="setup" finished-at="2026-01-26T22:34:30 IST" duration-ms="4810" status="PASS">
          <reporter-output>
          </reporter-output>
        </test-method> <!-- setup -->
        <test-method signature="verify_account_registration()[pri:0, instance:testCases.TC001_AccountRegistrationTest@3646a422]" started-at="2026-01-26T22:34:30 IST" name="verify_account_registration" finished-at="2026-01-26T22:34:43 IST" duration-ms="13243" status="PASS">
          <reporter-output>
          </reporter-output>
        </test-method> <!-- verify_account_registration -->
        <test-method is-config="true" signature="tearDown()[pri:0, instance:testCases.TC001_AccountRegistrationTest@3646a422]" started-at="2026-01-26T22:34:43 IST" name="tearDown" finished-at="2026-01-26T22:34:44 IST" duration-ms="377" status="PASS">
          <reporter-output>
          </reporter-output>
        </test-method> <!-- tearDown -->
      </class> <!-- testCases.TC001_AccountRegistrationTest -->
    </test> <!-- Default test -->
  </suite> <!-- Default suite -->
</testng-results>
